Arguments: 
  /usr/local/bin/node /usr/local/bin/yarn add crypto-random-string

PATH: 
  /opt/homebrew/bin:/opt/homebrew/sbin:/usr/local/bin:/System/Cryptexes/App/usr/bin:/usr/bin:/bin:/usr/sbin:/sbin:/opt/homebrew/bin:/opt/homebrew/sbin:/Users/lichu/.cargo/bin

Yarn version: 
  1.22.19

Node version: 
  18.14.1

Platform: 
  darwin arm64

Trace: 
  Error: EACCES: permission denied, unlink '/Users/lichu/Documents/code/ee374/malibulan/node_modules/@types/semver/LICENSE'

npm manifest: 
  {
    "name": "malibu",
    "version": "1.0.0",
    "description": "",
    "main": "index.js",
    "scripts": {
      "start": "npx ts-node --require dotenv/config src/index.ts"
    },
    "author": "Dionysis Zindros",
    "license": "MIT",
    "dependencies": {
      "@noble/ed25519": "^1.7.1",
      "@types/node": "^17.0.23",
      "@types/semver": "^7.3.9",
      "blake2": "^4.1.1",
      "dotenv-safe": "^8.2.0",
      "fast-sha256": "^1.3.0",
      "is-valid-hostname": "^1.0.2",
      "json-canonicalize": "^1.0.4",
      "level-ts": "^2.1.0",
      "net": "^1.0.2",
      "noble-ed25519": "^1.2.6",
      "node-fetch": "^2.6.8",
      "runtypes": "^6.5.1",
      "semver": "^7.3.5",
      "winston": "^3.6.0"
    },
    "devDependencies": {
      "@types/blake2": "^4.0.1",
      "@types/node-fetch": "^2.6.2"
    }
  }

yarn manifest: 
  No manifest

Lockfile: 
  # THIS IS AN AUTOGENERATED FILE. DO NOT EDIT THIS FILE DIRECTLY.
  # yarn lockfile v1
  
  
  "@colors/colors@1.5.0":
    version "1.5.0"
    resolved "https://registry.npmjs.org/@colors/colors/-/colors-1.5.0.tgz"
    integrity sha512-ooWCrlZP11i8GImSjTHYHLkvFDP48nS4+204nGb1RiX/WXYHmJA2III9/e2DWVabCESdW7hBAEzHRqUn9OUVvQ==
  
  "@dabh/diagnostics@^2.0.2":
    version "2.0.3"
    resolved "https://registry.npmjs.org/@dabh/diagnostics/-/diagnostics-2.0.3.tgz"
    integrity sha512-hrlQOIi7hAfzsMqlGSFyVucrx38O+j6wiGOf//H2ecvIEqYN4ADBSS2iLMh5UFyDunCNniUIPk/q3riFv45xRA==
    dependencies:
      colorspace "1.1.x"
      enabled "2.0.x"
      kuler "^2.0.0"
  
  "@noble/ed25519@^1.7.1":
    version "1.7.1"
    resolved "https://registry.npmjs.org/@noble/ed25519/-/ed25519-1.7.1.tgz"
    integrity sha512-Rk4SkJFaXZiznFyC/t77Q0NKS4FL7TLJJsVG2V2oiEq3kJVeTdxysEe/yRWSpnWMe808XRDJ+VFh5pt/FN5plw==
  
  "@types/blake2@^4.0.1":
    version "4.0.1"
    resolved "https://registry.npmjs.org/@types/blake2/-/blake2-4.0.1.tgz"
    integrity sha512-zcBydVD4uEsGo5gFRfm2phVMLqgrGJqcTZaT6lkZMWJzYovUi6wwraUJKdY1eO92q0bhWWVSAH4OnSp2m7rCfQ==
    dependencies:
      "@types/node" "*"
  
  "@types/node-fetch@^2.6.2":
    version "2.6.2"
    resolved "https://registry.npmjs.org/@types/node-fetch/-/node-fetch-2.6.2.tgz"
    integrity sha512-DHqhlq5jeESLy19TYhLakJ07kNumXWjcDdxXsLUMJZ6ue8VZJj4kLPQVE/2mdHh3xZziNF1xppu5lwmS53HR+A==
    dependencies:
      "@types/node" "*"
      form-data "^3.0.0"
  
  "@types/node@*", "@types/node@^17.0.23":
    version "17.0.23"
    resolved "https://registry.npmjs.org/@types/node/-/node-17.0.23.tgz"
    integrity sha512-UxDxWn7dl97rKVeVS61vErvw086aCYhDLyvRQZ5Rk65rZKepaFdm53GeqXaKBuOhED4e9uWq34IC3TdSdJJ2Gw==
  
  "@types/semver@^7.3.9":
    version "7.3.9"
    resolved "https://registry.npmjs.org/@types/semver/-/semver-7.3.9.tgz"
    integrity sha512-L/TMpyURfBkf+o/526Zb6kd/tchUP3iBDEPjqjb+U2MAJhVRxxrmr2fwpe08E7QsV7YLcpq0tUaQ9O9x97ZIxQ==
  
  abstract-leveldown@^6.2.1:
    version "6.3.0"
    resolved "https://registry.npmjs.org/abstract-leveldown/-/abstract-leveldown-6.3.0.tgz"
    integrity sha512-TU5nlYgta8YrBMNpc9FwQzRbiXsj49gsALsXadbGHt9CROPzX5fB0rWDR5mtdpOOKa5XqRFpbj1QroPAoPzVjQ==
    dependencies:
      buffer "^5.5.0"
      immediate "^3.2.3"
      level-concat-iterator "~2.0.0"
      level-supports "~1.0.0"
      xtend "~4.0.0"
  
  abstract-leveldown@~6.0.1:
    version "6.0.3"
    resolved "https://registry.npmjs.org/abstract-leveldown/-/abstract-leveldown-6.0.3.tgz"
    integrity sha512-jzewKKpZbaYUa6HTThnrl+GrJhzjEAeuc7hTVpZdzg7kupXZFoqQDFwyOwLNbmJKJlmzw8yiipMPkDiuKkT06Q==
    dependencies:
      level-concat-iterator "~2.0.0"
      xtend "~4.0.0"
  
  abstract-leveldown@~6.2.1:
    version "6.2.3"
    resolved "https://registry.npmjs.org/abstract-leveldown/-/abstract-leveldown-6.2.3.tgz"
    integrity sha512-BsLm5vFMRUrrLeCcRc+G0t2qOaTzpoJQLOubq2XM72eNpjF5UdU5o/5NvlNhx95XHcAvcl8OMXr4mlg/fRgUXQ==
    dependencies:
      buffer "^5.5.0"
      immediate "^3.2.3"
      level-concat-iterator "~2.0.0"
      level-supports "~1.0.0"
      xtend "~4.0.0"
  
  async@^3.2.3:
    version "3.2.3"
    resolved "https://registry.npmjs.org/async/-/async-3.2.3.tgz"
    integrity sha512-spZRyzKL5l5BZQrr/6m/SqFdBN0q3OCI0f9rjfBzCMBIP4p75P620rR3gTmaksNOhmzgdxcaxdNfMy6anrbM0g==
  
  asynckit@^0.4.0:
    version "0.4.0"
    resolved "https://registry.npmjs.org/asynckit/-/asynckit-0.4.0.tgz"
    integrity sha512-Oei9OH4tRh0YqU3GxhX79dM/mwVgvbZJaSNaRk+bshkj0S5cfHcgYakreBjrHwatXKbz+IoIdYLxrKim2MjW0Q==
  
  base64-js@^1.3.1:
    version "1.5.1"
    resolved "https://registry.npmjs.org/base64-js/-/base64-js-1.5.1.tgz"
    integrity sha512-AKpaYlHn8t4SVbOHCy+b5+KKgvR4vrsD8vbvrbiQJps7fKDTkjkDry6ji0rUJjC0kzbNePLwzxq8iypo41qeWA==
  
  blake2@^4.1.1:
    version "4.1.1"
    resolved "https://registry.npmjs.org/blake2/-/blake2-4.1.1.tgz"
    integrity sha512-HUmkY0MUDUVgejJVNrpNKAva8C4IWD/Rd862sdexoSibu86b6iu0gO0/RjovO2lM5+w6JqjIEmkuAgGhfHlnJw==
    dependencies:
      nan "^2.15.0"
  
  buffer@^5.5.0, buffer@^5.6.0:
    version "5.7.1"
    resolved "https://registry.npmjs.org/buffer/-/buffer-5.7.1.tgz"
    integrity sha512-EHcyIPBQ4BSGlvjB16k5KgAJ27CIsHY/2JBmCRReo48y9rQ3MaUzWX3KVlBa4U7MyX02HdVj0K7C3WaB3ju7FQ==
    dependencies:
      base64-js "^1.3.1"
      ieee754 "^1.1.13"
  
  callback-stream@^1.1.0:
    version "1.1.0"
    resolved "https://registry.npmjs.org/callback-stream/-/callback-stream-1.1.0.tgz"
    integrity sha512-sAZ9kODla+mGACBZ1IpTCAisKoGnv6PykW7fPk1LrM+mMepE18Yz0515yoVcrZy7dQsTUp3uZLQ/9Sx1RnLoHw==
    dependencies:
      inherits "^2.0.1"
      readable-stream "> 1.0.0 < 3.0.0"
  
  color-convert@^1.9.3:
    version "1.9.3"
    resolved "https://registry.npmjs.org/color-convert/-/color-convert-1.9.3.tgz"
    integrity sha512-QfAUtd+vFdAtFQcC8CCyYt1fYWxSqAiK2cSD6zDB8N3cpsEBAvRxp9zOGg6G/SHHJYAT88/az/IuDGALsNVbGg==
    dependencies:
      color-name "1.1.3"
  
  color-name@^1.0.0, color-name@1.1.3:
    version "1.1.3"
    resolved "https://registry.npmjs.org/color-name/-/color-name-1.1.3.tgz"
    integrity sha1-p9BVi9icQveV3UIyj3QIMcpTvCU=
  
  color-string@^1.6.0:
    version "1.9.0"
    resolved "https://registry.npmjs.org/color-string/-/color-string-1.9.0.tgz"
    integrity sha512-9Mrz2AQLefkH1UvASKj6v6hj/7eWgjnT/cVsR8CumieLoT+g900exWeNogqtweI8dxloXN9BDQTYro1oWu/5CQ==
    dependencies:
      color-name "^1.0.0"
      simple-swizzle "^0.2.2"
  
  color@^3.1.3:
    version "3.2.1"
    resolved "https://registry.npmjs.org/color/-/color-3.2.1.tgz"
    integrity sha512-aBl7dZI9ENN6fUGC7mWpMTPNHmWUSNan9tuWN6ahh5ZLNk9baLJOnSMlrQkHcrfFgz2/RigjUVAjdx36VcemKA==
    dependencies:
      color-convert "^1.9.3"
      color-string "^1.6.0"
  
  colorspace@1.1.x:
    version "1.1.4"
    resolved "https://registry.npmjs.org/colorspace/-/colorspace-1.1.4.tgz"
    integrity sha512-BgvKJiuVu1igBUF2kEjRCZXol6wiiGbY5ipL/oVPwm0BL9sIpMIzM8IK7vwuxIIzOXMV3Ey5w+vxhm0rR/TN8w==
    dependencies:
      color "^3.1.3"
      text-hex "1.0.x"
  
  combined-stream@^1.0.8:
    version "1.0.8"
    resolved "https://registry.npmjs.org/combined-stream/-/combined-stream-1.0.8.tgz"
    integrity sha512-FQN4MRfuJeHf7cBbBMJFXhKSDq+2kAArBlmRBvcvFE5BB1HZKXtSFASDhdlz9zOYwxh8lDdnvmMOe/+5cdoEdg==
    dependencies:
      delayed-stream "~1.0.0"
  
  core-util-is@~1.0.0:
    version "1.0.3"
    resolved "https://registry.npmjs.org/core-util-is/-/core-util-is-1.0.3.tgz"
    integrity sha512-ZQBvi1DcpJ4GDqanjucZ2Hj3wEO5pZDS89BWbkcrvdxksJorwUDDZamX9ldFkp9aw2lmBDLgkObEA4DWNJ9FYQ==
  
  deferred-leveldown@~5.3.0:
    version "5.3.0"
    resolved "https://registry.npmjs.org/deferred-leveldown/-/deferred-leveldown-5.3.0.tgz"
    integrity sha512-a59VOT+oDy7vtAbLRCZwWgxu2BaCfd5Hk7wxJd48ei7I+nsg8Orlb9CLG0PMZienk9BSUKgeAqkO2+Lw+1+Ukw==
    dependencies:
      abstract-leveldown "~6.2.1"
      inherits "^2.0.3"
  
  delayed-stream@~1.0.0:
    version "1.0.0"
    resolved "https://registry.npmjs.org/delayed-stream/-/delayed-stream-1.0.0.tgz"
    integrity sha512-ZySD7Nf91aLB0RxL4KGrKHBXl7Eds1DAmEdcoVawXnLD7SDhpNgtuII2aAkg7a7QS41jxPSZ17p4VdGnMHk3MQ==
  
  dotenv-safe@^8.2.0:
    version "8.2.0"
    resolved "https://registry.npmjs.org/dotenv-safe/-/dotenv-safe-8.2.0.tgz"
    integrity sha512-uWwWWdUQkSs5a3mySDB22UtNwyEYi0JtEQu+vDzIqr9OjbDdC2Ip13PnSpi/fctqlYmzkxCeabiyCAOROuAIaA==
    dependencies:
      dotenv "^8.2.0"
  
  dotenv@^8.2.0:
    version "8.6.0"
    resolved "https://registry.npmjs.org/dotenv/-/dotenv-8.6.0.tgz"
    integrity sha512-IrPdXQsk2BbzvCBGBOTmmSH5SodmqZNt4ERAZDmW4CT+tL8VtvinqywuANaFu4bOMWki16nqf0e4oC0QIaDr/g==
  
  enabled@2.0.x:
    version "2.0.0"
    resolved "https://registry.npmjs.org/enabled/-/enabled-2.0.0.tgz"
    integrity sha512-AKrN98kuwOzMIdAizXGI86UFBoo26CL21UM763y1h/GMSJ4/OHU9k2YlsmBpyScFo/wbLzWQJBMCW4+IO3/+OQ==
  
  encoding-down@^6.3.0:
    version "6.3.0"
    resolved "https://registry.npmjs.org/encoding-down/-/encoding-down-6.3.0.tgz"
    integrity sha512-QKrV0iKR6MZVJV08QY0wp1e7vF6QbhnbQhb07bwpEyuz4uZiZgPlEGdkCROuFkUwdxlFaiPIhjyarH1ee/3vhw==
    dependencies:
      abstract-leveldown "^6.2.1"
      inherits "^2.0.3"
      level-codec "^9.0.0"
      level-errors "^2.0.0"
  
  end-of-stream@^1.1.0:
    version "1.4.4"
    resolved "https://registry.npmjs.org/end-of-stream/-/end-of-stream-1.4.4.tgz"
    integrity sha512-+uw1inIHVPQoaVuHzRyXd21icM+cnt4CzD5rW+NC1wjOUSTOs+Te7FOv7AhN7vS9x/oIyhLP5PR1H+phQAHu5Q==
    dependencies:
      once "^1.4.0"
  
  errno@~0.1.1:
    version "0.1.8"
    resolved "https://registry.npmjs.org/errno/-/errno-0.1.8.tgz"
    integrity sha512-dJ6oBr5SQ1VSd9qkk7ByRgb/1SH4JZjCHSW/mr63/QcXO9zLVxvJ6Oy13nio03rxpSnVDDjFor75SjVeZWPW/A==
    dependencies:
      prr "~1.0.1"
  
  fast-sha256@^1.3.0:
    version "1.3.0"
    resolved "https://registry.npmjs.org/fast-sha256/-/fast-sha256-1.3.0.tgz"
    integrity sha512-n11RGP/lrWEFI/bWdygLxhI+pVeo1ZYIVwvvPkW7azl/rOy+F3HYRZ2K5zeE9mmkhQppyv9sQFx0JM9UabnpPQ==
  
  fastfall@^1.5.0:
    version "1.5.1"
    resolved "https://registry.npmjs.org/fastfall/-/fastfall-1.5.1.tgz"
    integrity sha512-KH6p+Z8AKPXnmA7+Iz2Lh8ARCMr+8WNPVludm1LGkZoD2MjY6LVnRMtTKhkdzI+jr0RzQWXKzKyBJm1zoHEL4Q==
    dependencies:
      reusify "^1.0.0"
  
  fastparallel@^2.2.0:
    version "2.4.1"
    resolved "https://registry.npmjs.org/fastparallel/-/fastparallel-2.4.1.tgz"
    integrity sha512-qUmhxPgNHmvRjZKBFUNI0oZuuH9OlSIOXmJ98lhKPxMZZ7zS/Fi0wRHOihDSz0R1YiIOjxzOY4bq65YTcdBi2Q==
    dependencies:
      reusify "^1.0.4"
      xtend "^4.0.2"
  
  fastq@^1.3.0:
    version "1.15.0"
    resolved "https://registry.npmjs.org/fastq/-/fastq-1.15.0.tgz"
    integrity sha512-wBrocU2LCXXa+lWBt8RoIRD89Fi8OdABODa/kEnyeyjS5aZO5/GNvI5sEINADqP/h8M29UHTHUb53sUu5Ihqdw==
    dependencies:
      reusify "^1.0.4"
  
  fastseries@^1.7.0:
    version "1.7.2"
    resolved "https://registry.npmjs.org/fastseries/-/fastseries-1.7.2.tgz"
    integrity sha512-dTPFrPGS8SNSzAt7u/CbMKCJ3s01N04s4JFbORHcmyvVfVKmbhMD1VtRbh5enGHxkaQDqWyLefiKOGGmohGDDQ==
    dependencies:
      reusify "^1.0.0"
      xtend "^4.0.0"
  
  fecha@^4.2.0:
    version "4.2.1"
    resolved "https://registry.npmjs.org/fecha/-/fecha-4.2.1.tgz"
    integrity sha512-MMMQ0ludy/nBs1/o0zVOiKTpG7qMbonKUzjJgQFEuvq6INZ1OraKPRAWkBq5vlKLOUMpmNYG1JoN3oDPUQ9m3Q==
  
  fn.name@1.x.x:
    version "1.1.0"
    resolved "https://registry.npmjs.org/fn.name/-/fn.name-1.1.0.tgz"
    integrity sha512-GRnmB5gPyJpAhTQdSZTSp9uaPSvl09KoYcMQtsB9rQoOmzs9dH6ffeccH+Z+cv6P68Hu5bC6JjRh4Ah/mHSNRw==
  
  form-data@^3.0.0:
    version "3.0.1"
    resolved "https://registry.npmjs.org/form-data/-/form-data-3.0.1.tgz"
    integrity sha512-RHkBKtLWUVwd7SqRIvCZMEvAMoGUp0XU+seQiZejj0COz3RI3hWP4sCv3gZWWLjJTd7rGwcsF5eKZGii0r/hbg==
    dependencies:
      asynckit "^0.4.0"
      combined-stream "^1.0.8"
      mime-types "^2.1.12"
  
  ieee754@^1.1.13:
    version "1.2.1"
    resolved "https://registry.npmjs.org/ieee754/-/ieee754-1.2.1.tgz"
    integrity sha512-dcyqhDvX1C46lXZcVqCpK+FtMRQVdIMN6/Df5js2zouUsqG7I6sFxitIC+7KYK29KdXOLHdu9zL4sFnoVQnqaA==
  
  immediate@^3.2.3, immediate@~3.2.3:
    version "3.2.3"
    resolved "https://registry.npmjs.org/immediate/-/immediate-3.2.3.tgz"
    integrity sha512-RrGCXRm/fRVqMIhqXrGEX9rRADavPiDFSoMb/k64i9XMk8uH4r/Omi5Ctierj6XzNecwDbO4WuFbDD1zmpl3Tg==
  
  inherits@^2.0.1, inherits@^2.0.3, inherits@^2.0.4, inherits@~2.0.3:
    version "2.0.4"
    resolved "https://registry.npmjs.org/inherits/-/inherits-2.0.4.tgz"
    integrity sha512-k/vGaX4/Yla3WzyMCvTQOXYeIHvqOKtnqBduzTHpzpQZzAskKMhZ2K+EnBiSM9zGSoIFeMpXKxa4dYeZIQqewQ==
  
  is-arrayish@^0.3.1:
    version "0.3.2"
    resolved "https://registry.npmjs.org/is-arrayish/-/is-arrayish-0.3.2.tgz"
    integrity sha512-eVRqCvVlZbuw3GrM63ovNSNAeA1K16kaR/LRY/92w0zxQ5/1YzwblUX652i4Xs9RwAGjW9d9y6X88t8OaAJfWQ==
  
  is-stream@^2.0.0:
    version "2.0.1"
    resolved "https://registry.npmjs.org/is-stream/-/is-stream-2.0.1.tgz"
    integrity sha512-hFoiJiTl63nn+kstHGBtewWSKnQLpyb155KHheA1l39uvtO9nWIop1p3udqPcUd/xbF1VLMO4n7OI6p7RbngDg==
  
  is-typedarray@^1.0.0:
    version "1.0.0"
    resolved "https://registry.npmjs.org/is-typedarray/-/is-typedarray-1.0.0.tgz"
    integrity sha512-cyA56iCMHAh5CdzjJIa4aohJyeO1YbwLi3Jc35MmRU6poroFjIGZzUzupGiRPOjgHg9TLu43xbpwXk523fMxKA==
  
  is-valid-hostname@^1.0.2:
    version "1.0.2"
    resolved "https://registry.npmjs.org/is-valid-hostname/-/is-valid-hostname-1.0.2.tgz"
    integrity sha512-X/kiF3Xndj6WI7l/yLyzR7V1IbQd6L4S4cewSL0fRciemPmHbaXIKR2qtf+zseH+lbMG0vFp4HvCUe7amGZVhw==
  
  isarray@~1.0.0:
    version "1.0.0"
    resolved "https://registry.npmjs.org/isarray/-/isarray-1.0.0.tgz"
    integrity sha512-VLghIWNM6ELQzo7zwmcg0NmTVyWKYjvIeM83yjp0wRDTmUnrM678fQbcKBo6n2CJEF0szoG//ytg+TKla89ALQ==
  
  json-canonicalize@^1.0.4:
    version "1.0.4"
    resolved "https://registry.npmjs.org/json-canonicalize/-/json-canonicalize-1.0.4.tgz"
    integrity sha512-YNr/ePzgReHwlnAm3EVV1pcimwesI+1DZr5v7WBKOc1zE1t7pjxWAPRxJFT3ll6flLIdRe0DPia/8cl2FLAZNA==
  
  kuler@^2.0.0:
    version "2.0.0"
    resolved "https://registry.npmjs.org/kuler/-/kuler-2.0.0.tgz"
    integrity sha512-Xq9nH7KlWZmXAtodXDDRE7vs6DU1gTU8zYDHDiWLSip45Egwq3plLHzPn27NgvzL2r1LMPC1vdqh98sQxtqj4A==
  
  level-codec@^9.0.0:
    version "9.0.2"
    resolved "https://registry.npmjs.org/level-codec/-/level-codec-9.0.2.tgz"
    integrity sha512-UyIwNb1lJBChJnGfjmO0OR+ezh2iVu1Kas3nvBS/BzGnx79dv6g7unpKIDNPMhfdTEGoc7mC8uAu51XEtX+FHQ==
    dependencies:
      buffer "^5.6.0"
  
  level-concat-iterator@~2.0.0:
    version "2.0.1"
    resolved "https://registry.npmjs.org/level-concat-iterator/-/level-concat-iterator-2.0.1.tgz"
    integrity sha512-OTKKOqeav2QWcERMJR7IS9CUo1sHnke2C0gkSmcR7QuEtFNLLzHQAvnMw8ykvEcv0Qtkg0p7FOwP1v9e5Smdcw==
  
  level-errors@^2.0.0, level-errors@~2.0.0:
    version "2.0.1"
    resolved "https://registry.npmjs.org/level-errors/-/level-errors-2.0.1.tgz"
    integrity sha512-UVprBJXite4gPS+3VznfgDSU8PTRuVX0NXwoWW50KLxd2yw4Y1t2JUR5In1itQnudZqRMT9DlAM3Q//9NCjCFw==
    dependencies:
      errno "~0.1.1"
  
  level-iterator-stream@~4.0.0:
    version "4.0.2"
    resolved "https://registry.npmjs.org/level-iterator-stream/-/level-iterator-stream-4.0.2.tgz"
    integrity sha512-ZSthfEqzGSOMWoUGhTXdX9jv26d32XJuHz/5YnuHZzH6wldfWMOVwI9TBtKcya4BKTyTt3XVA0A3cF3q5CY30Q==
    dependencies:
      inherits "^2.0.4"
      readable-stream "^3.4.0"
      xtend "^4.0.2"
  
  level-js@^4.0.0:
    version "4.0.2"
    resolved "https://registry.npmjs.org/level-js/-/level-js-4.0.2.tgz"
    integrity sha512-PeGjZsyMG4O89KHiez1zoMJxStnkM+oBIqgACjoo5PJqFiSUUm3GNod/KcbqN5ktyZa8jkG7I1T0P2u6HN9lIg==
    dependencies:
      abstract-leveldown "~6.0.1"
      immediate "~3.2.3"
      inherits "^2.0.3"
      ltgt "^2.1.2"
      typedarray-to-buffer "~3.1.5"
  
  level-packager@^5.0.0:
    version "5.1.1"
    resolved "https://registry.npmjs.org/level-packager/-/level-packager-5.1.1.tgz"
    integrity sha512-HMwMaQPlTC1IlcwT3+swhqf/NUO+ZhXVz6TY1zZIIZlIR0YSn8GtAAWmIvKjNY16ZkEg/JcpAuQskxsXqC0yOQ==
    dependencies:
      encoding-down "^6.3.0"
      levelup "^4.3.2"
  
  level-supports@~1.0.0:
    version "1.0.1"
    resolved "https://registry.npmjs.org/level-supports/-/level-supports-1.0.1.tgz"
    integrity sha512-rXM7GYnW8gsl1vedTJIbzOrRv85c/2uCMpiiCzO2fndd06U/kUXEEU9evYn4zFggBOg36IsBW8LzqIpETwwQzg==
    dependencies:
      xtend "^4.0.2"
  
  level-ts@^2.1.0:
    version "2.1.0"
    resolved "https://registry.npmjs.org/level-ts/-/level-ts-2.1.0.tgz"
    integrity sha512-nzj/cy60OO7Pb4ofzpN0Xq+NiZaOI2f6FDWZGBczJJWxVHlPdcLJXAUQa8HuPdeLojPNBH3byr2l7rNCRF4VCQ==
    dependencies:
      level "^5.0.1"
      levelgraph "^2.1.1"
  
  level-ws@^0.1.0:
    version "0.1.0"
    resolved "https://registry.npmjs.org/level-ws/-/level-ws-0.1.0.tgz"
    integrity sha512-YlWbD7feUlvnI4Gm1khvsY59YhHk3ur/IZ1iywLqplBOfW2efwm9c6tn1jJcBYhHPUPEDNJxjXHtF3ksL2IXRg==
    dependencies:
      readable-stream "^2.2.8"
      xtend "^4.0.0"
  
  level@^5.0.1:
    version "5.0.1"
    resolved "https://registry.npmjs.org/level/-/level-5.0.1.tgz"
    integrity sha512-wcak5OQeA4rURGacqS62R/xNHjCYnJSQDBOlm4KNUGJVE9bWv2B04TclqReYejN+oD65PzD4FsqeWoI5wNC5Lg==
    dependencies:
      level-js "^4.0.0"
      level-packager "^5.0.0"
      leveldown "^5.0.0"
      opencollective-postinstall "^2.0.0"
  
  leveldown@^5.0.0:
    version "5.6.0"
    resolved "https://registry.npmjs.org/leveldown/-/leveldown-5.6.0.tgz"
    integrity sha512-iB8O/7Db9lPaITU1aA2txU/cBEXAt4vWwKQRrrWuS6XDgbP4QZGj9BL2aNbwb002atoQ/lIotJkfyzz+ygQnUQ==
    dependencies:
      abstract-leveldown "~6.2.1"
      napi-macros "~2.0.0"
      node-gyp-build "~4.1.0"
  
  levelgraph@^2.1.1:
    version "2.1.1"
    resolved "https://registry.npmjs.org/levelgraph/-/levelgraph-2.1.1.tgz"
    integrity sha512-ckWZFYyTNsnZ681cLcRD+VDq33Tr0ia2tFR6jxwQk4iuvteSyVGHancHUYWbeiDOx3lJco8kJ7SQDOYqRVSOYA==
    dependencies:
      callback-stream "^1.1.0"
      inherits "^2.0.1"
      level-ws "^0.1.0"
      lodash.keys "^4.0.6"
      pump "^1.0.1"
      readable-stream "^2.2.10"
      steed "^1.1.3"
      xtend "^4.0.0"
  
  levelup@^4.3.2:
    version "4.4.0"
    resolved "https://registry.npmjs.org/levelup/-/levelup-4.4.0.tgz"
    integrity sha512-94++VFO3qN95cM/d6eBXvd894oJE0w3cInq9USsyQzzoJxmiYzPAocNcuGCPGGjoXqDVJcr3C1jzt1TSjyaiLQ==
    dependencies:
      deferred-leveldown "~5.3.0"
      level-errors "~2.0.0"
      level-iterator-stream "~4.0.0"
      level-supports "~1.0.0"
      xtend "~4.0.0"
  
  lodash.keys@^4.0.6:
    version "4.2.0"
    resolved "https://registry.npmjs.org/lodash.keys/-/lodash.keys-4.2.0.tgz"
    integrity sha512-J79MkJcp7Df5mizHiVNpjoHXLi4HLjh9VLS/M7lQSGoQ+0oQ+lWEigREkqKyizPB1IawvQLLKY8mzEcm1tkyxQ==
  
  logform@^2.3.2, logform@^2.4.0:
    version "2.4.0"
    resolved "https://registry.npmjs.org/logform/-/logform-2.4.0.tgz"
    integrity sha512-CPSJw4ftjf517EhXZGGvTHHkYobo7ZCc0kvwUoOYcjfR2UVrI66RHj8MCrfAdEitdmFqbu2BYdYs8FHHZSb6iw==
    dependencies:
      "@colors/colors" "1.5.0"
      fecha "^4.2.0"
      ms "^2.1.1"
      safe-stable-stringify "^2.3.1"
      triple-beam "^1.3.0"
  
  lru-cache@^6.0.0:
    version "6.0.0"
    resolved "https://registry.npmjs.org/lru-cache/-/lru-cache-6.0.0.tgz"
    integrity sha512-Jo6dJ04CmSjuznwJSS3pUeWmd/H0ffTlkXXgwZi+eq1UCmqQwCh+eLsYOYCwY991i2Fah4h1BEMCx4qThGbsiA==
    dependencies:
      yallist "^4.0.0"
  
  ltgt@^2.1.2:
    version "2.2.1"
    resolved "https://registry.npmjs.org/ltgt/-/ltgt-2.2.1.tgz"
    integrity sha512-AI2r85+4MquTw9ZYqabu4nMwy9Oftlfa/e/52t9IjtfG+mGBbTNdAoZ3RQKLHR6r0wQnwZnPIEh/Ya6XTWAKNA==
  
  mime-db@1.52.0:
    version "1.52.0"
    resolved "https://registry.npmjs.org/mime-db/-/mime-db-1.52.0.tgz"
    integrity sha512-sPU4uV7dYlvtWJxwwxHD0PuihVNiE7TyAbQ5SWxDCB9mUYvOgroQOwYQQOKPJ8CIbE+1ETVlOoK1UC2nU3gYvg==
  
  mime-types@^2.1.12:
    version "2.1.35"
    resolved "https://registry.npmjs.org/mime-types/-/mime-types-2.1.35.tgz"
    integrity sha512-ZDY+bPm5zTTF+YpCrAU9nK0UgICYPT0QtT1NZWFv4s++TNkcgVaT0g6+4R2uI4MjQjzysHB1zxuWL50hzaeXiw==
    dependencies:
      mime-db "1.52.0"
  
  ms@^2.1.1:
    version "2.1.3"
    resolved "https://registry.npmjs.org/ms/-/ms-2.1.3.tgz"
    integrity sha512-6FlzubTLZG3J2a/NVCAleEhjzq5oxgHyaCU9yYXvcLsvoVaHJq/s5xXI6/XXP6tz7R9xAOtHnSO/tXtF3WRTlA==
  
  nan@^2.15.0:
    version "2.17.0"
    resolved "https://registry.npmjs.org/nan/-/nan-2.17.0.tgz"
    integrity sha512-2ZTgtl0nJsO0KQCjEpxcIr5D+Yv90plTitZt9JBfQvVJDS5seMl3FOvsh3+9CoYWXf/1l5OaZzzF6nDm4cagaQ==
  
  napi-macros@~2.0.0:
    version "2.0.0"
    resolved "https://registry.npmjs.org/napi-macros/-/napi-macros-2.0.0.tgz"
    integrity sha512-A0xLykHtARfueITVDernsAWdtIMbOJgKgcluwENp3AlsKN/PloyO10HtmoqnFAQAcxPkgZN7wdfPfEd0zNGxbg==
  
  net@^1.0.2:
    version "1.0.2"
    resolved "https://registry.npmjs.org/net/-/net-1.0.2.tgz"
    integrity sha1-0XV+yaf7I3HYPPR1XOPifhCCk4g=
  
  noble-ed25519@^1.2.6:
    version "1.2.6"
    resolved "https://registry.npmjs.org/noble-ed25519/-/noble-ed25519-1.2.6.tgz"
    integrity sha512-zfnWqg9FVMp8CnzUpAjbt1nDXpDjCvxYiCXdnW1mY8zQHw/6twUlkFm14VPdojVzc0kcd+i9zT79+26GcNbsuQ==
  
  node-fetch@^2.6.8:
    version "2.6.8"
    resolved "https://registry.npmjs.org/node-fetch/-/node-fetch-2.6.8.tgz"
    integrity sha512-RZ6dBYuj8dRSfxpUSu+NsdF1dpPpluJxwOp+6IoDp/sH2QNDSvurYsAa+F1WxY2RjA1iP93xhcsUoYbF2XBqVg==
    dependencies:
      whatwg-url "^5.0.0"
  
  node-gyp-build@~4.1.0:
    version "4.1.1"
    resolved "https://registry.npmjs.org/node-gyp-build/-/node-gyp-build-4.1.1.tgz"
    integrity sha512-dSq1xmcPDKPZ2EED2S6zw/b9NKsqzXRE6dVr8TVQnI3FJOTteUMuqF3Qqs6LZg+mLGYJWqQzMbIjMtJqTv87nQ==
  
  once@^1.3.1, once@^1.4.0:
    version "1.4.0"
    resolved "https://registry.npmjs.org/once/-/once-1.4.0.tgz"
    integrity sha512-lNaJgI+2Q5URQBkccEKHTQOPaXdUxnZZElQTZY0MFUAuaEqe1E+Nyvgdz/aIyNi6Z9MzO5dv1H8n58/GELp3+w==
    dependencies:
      wrappy "1"
  
  one-time@^1.0.0:
    version "1.0.0"
    resolved "https://registry.npmjs.org/one-time/-/one-time-1.0.0.tgz"
    integrity sha512-5DXOiRKwuSEcQ/l0kGCF6Q3jcADFv5tSmRaJck/OqkVFcOzutB134KRSfF0xDrL39MNnqxbHBbUUcjZIhTgb2g==
    dependencies:
      fn.name "1.x.x"
  
  opencollective-postinstall@^2.0.0:
    version "2.0.3"
    resolved "https://registry.npmjs.org/opencollective-postinstall/-/opencollective-postinstall-2.0.3.tgz"
    integrity sha512-8AV/sCtuzUeTo8gQK5qDZzARrulB3egtLzFgteqB2tcT4Mw7B8Kt7JcDHmltjz6FOAHsvTevk70gZEbhM4ZS9Q==
  
  process-nextick-args@~2.0.0:
    version "2.0.1"
    resolved "https://registry.npmjs.org/process-nextick-args/-/process-nextick-args-2.0.1.tgz"
    integrity sha512-3ouUOpQhtgrbOa17J7+uxOTpITYWaGP7/AhoR3+A+/1e9skrzelGi/dXzEYyvbxubEF6Wn2ypscTKiKJFFn1ag==
  
  prr@~1.0.1:
    version "1.0.1"
    resolved "https://registry.npmjs.org/prr/-/prr-1.0.1.tgz"
    integrity sha512-yPw4Sng1gWghHQWj0B3ZggWUm4qVbPwPFcRG8KyxiU7J2OHFSoEHKS+EZ3fv5l1t9CyCiop6l/ZYeWbrgoQejw==
  
  pump@^1.0.1:
    version "1.0.3"
    resolved "https://registry.npmjs.org/pump/-/pump-1.0.3.tgz"
    integrity sha512-8k0JupWme55+9tCVE+FS5ULT3K6AbgqrGa58lTT49RpyfwwcGedHqaC5LlQNdEAumn/wFsu6aPwkuPMioy8kqw==
    dependencies:
      end-of-stream "^1.1.0"
      once "^1.3.1"
  
  readable-stream@^2.2.10:
    version "2.3.7"
    resolved "https://registry.npmjs.org/readable-stream/-/readable-stream-2.3.7.tgz"
    integrity sha512-Ebho8K4jIbHAxnuxi7o42OrZgF/ZTNcsZj6nRKyUmkhLFq8CHItp/fy6hQZuZmP/n3yZ9VBUbp4zz/mX8hmYPw==
    dependencies:
      core-util-is "~1.0.0"
      inherits "~2.0.3"
      isarray "~1.0.0"
      process-nextick-args "~2.0.0"
      safe-buffer "~5.1.1"
      string_decoder "~1.1.1"
      util-deprecate "~1.0.1"
  
  readable-stream@^2.2.8:
    version "2.3.7"
    resolved "https://registry.npmjs.org/readable-stream/-/readable-stream-2.3.7.tgz"
    integrity sha512-Ebho8K4jIbHAxnuxi7o42OrZgF/ZTNcsZj6nRKyUmkhLFq8CHItp/fy6hQZuZmP/n3yZ9VBUbp4zz/mX8hmYPw==
    dependencies:
      core-util-is "~1.0.0"
      inherits "~2.0.3"
      isarray "~1.0.0"
      process-nextick-args "~2.0.0"
      safe-buffer "~5.1.1"
      string_decoder "~1.1.1"
      util-deprecate "~1.0.1"
  
  readable-stream@^3.4.0, readable-stream@^3.6.0:
    version "3.6.0"
    resolved "https://registry.npmjs.org/readable-stream/-/readable-stream-3.6.0.tgz"
    integrity sha512-BViHy7LKeTz4oNnkcLJ+lVSL6vpiFeX6/d3oSH8zCW7UxP2onchk+vTGB143xuFjHS3deTgkKoXXymXqymiIdA==
    dependencies:
      inherits "^2.0.3"
      string_decoder "^1.1.1"
      util-deprecate "^1.0.1"
  
  "readable-stream@> 1.0.0 < 3.0.0":
    version "2.3.7"
    resolved "https://registry.npmjs.org/readable-stream/-/readable-stream-2.3.7.tgz"
    integrity sha512-Ebho8K4jIbHAxnuxi7o42OrZgF/ZTNcsZj6nRKyUmkhLFq8CHItp/fy6hQZuZmP/n3yZ9VBUbp4zz/mX8hmYPw==
    dependencies:
      core-util-is "~1.0.0"
      inherits "~2.0.3"
      isarray "~1.0.0"
      process-nextick-args "~2.0.0"
      safe-buffer "~5.1.1"
      string_decoder "~1.1.1"
      util-deprecate "~1.0.1"
  
  reusify@^1.0.0, reusify@^1.0.4:
    version "1.0.4"
    resolved "https://registry.npmjs.org/reusify/-/reusify-1.0.4.tgz"
    integrity sha512-U9nH88a3fc/ekCF1l0/UP1IosiuIjyTh7hBvXVMHYgVcfGvt897Xguj2UOLDeI5BG2m7/uwyaLVT6fbtCwTyzw==
  
  runtypes@^6.5.1:
    version "6.5.1"
    resolved "https://registry.npmjs.org/runtypes/-/runtypes-6.5.1.tgz"
    integrity sha512-vYxcAYzC868ZY4BgazBomT9dpWHZnG3CH++5mhlVKGKqf2MzON4itmEmQt3uGTUOyipeUn7GALAN0nQhjPNRtA==
  
  safe-buffer@~5.1.0, safe-buffer@~5.1.1:
    version "5.1.2"
    resolved "https://registry.npmjs.org/safe-buffer/-/safe-buffer-5.1.2.tgz"
    integrity sha512-Gd2UZBJDkXlY7GbJxfsE8/nvKkUEU1G38c1siN6QP6a9PT9MmHB8GnpscSmMJSoF8LOIrt8ud/wPtojys4G6+g==
  
  safe-buffer@~5.2.0:
    version "5.2.1"
    resolved "https://registry.npmjs.org/safe-buffer/-/safe-buffer-5.2.1.tgz"
    integrity sha512-rp3So07KcdmmKbGvgaNxQSJr7bGVSVk5S9Eq1F+ppbRo70+YeaDxkw5Dd8NPN+GD6bjnYm2VuPuCXmpuYvmCXQ==
  
  safe-stable-stringify@^2.3.1:
    version "2.3.1"
    resolved "https://registry.npmjs.org/safe-stable-stringify/-/safe-stable-stringify-2.3.1.tgz"
    integrity sha512-kYBSfT+troD9cDA85VDnHZ1rpHC50O0g1e6WlGHVCz/g+JS+9WKLj+XwFYyR8UbrZN8ll9HUpDAAddY58MGisg==
  
  semver@^7.3.5:
    version "7.3.5"
    resolved "https://registry.npmjs.org/semver/-/semver-7.3.5.tgz"
    integrity sha512-PoeGJYh8HK4BTO/a9Tf6ZG3veo/A7ZVsYrSA6J8ny9nb3B1VrpkuN+z9OE5wfE5p6H4LchYZsegiQgbJD94ZFQ==
    dependencies:
      lru-cache "^6.0.0"
  
  simple-swizzle@^0.2.2:
    version "0.2.2"
    resolved "https://registry.npmjs.org/simple-swizzle/-/simple-swizzle-0.2.2.tgz"
    integrity sha1-pNprY1/8zMoz9w0Xy5JZLeleVXo=
    dependencies:
      is-arrayish "^0.3.1"
  
  stack-trace@0.0.x:
    version "0.0.10"
    resolved "https://registry.npmjs.org/stack-trace/-/stack-trace-0.0.10.tgz"
    integrity sha1-VHxws0fo0ytOEI6hoqFZ5f3eGcA=
  
  steed@^1.1.3:
    version "1.1.3"
    resolved "https://registry.npmjs.org/steed/-/steed-1.1.3.tgz"
    integrity sha512-EUkci0FAUiE4IvGTSKcDJIQ/eRUP2JJb56+fvZ4sdnguLTqIdKjSxUe138poW8mkvKWXW2sFPrgTsxqoISnmoA==
    dependencies:
      fastfall "^1.5.0"
      fastparallel "^2.2.0"
      fastq "^1.3.0"
      fastseries "^1.7.0"
      reusify "^1.0.0"
  
  string_decoder@^1.1.1:
    version "1.3.0"
    resolved "https://registry.npmjs.org/string_decoder/-/string_decoder-1.3.0.tgz"
    integrity sha512-hkRX8U1WjJFd8LsDJ2yQ/wWWxaopEsABU1XfkM8A+j0+85JAGppt16cr1Whg6KIbb4okU6Mql6BOj+uup/wKeA==
    dependencies:
      safe-buffer "~5.2.0"
  
  string_decoder@~1.1.1:
    version "1.1.1"
    resolved "https://registry.npmjs.org/string_decoder/-/string_decoder-1.1.1.tgz"
    integrity sha512-n/ShnvDi6FHbbVfviro+WojiFzv+s8MPMHBczVePfUpDJLwoLT0ht1l4YwBCbi8pJAveEEdnkHyPyTP/mzRfwg==
    dependencies:
      safe-buffer "~5.1.0"
  
  text-hex@1.0.x:
    version "1.0.0"
    resolved "https://registry.npmjs.org/text-hex/-/text-hex-1.0.0.tgz"
    integrity sha512-uuVGNWzgJ4yhRaNSiubPY7OjISw4sw4E5Uv0wbjp+OzcbmVU/rsT8ujgcXJhn9ypzsgr5vlzpPqP+MBBKcGvbg==
  
  tr46@~0.0.3:
    version "0.0.3"
    resolved "https://registry.npmjs.org/tr46/-/tr46-0.0.3.tgz"
    integrity sha512-N3WMsuqV66lT30CrXNbEjx4GEwlow3v6rr4mCcv6prnfwhS01rkgyFdjPNBYd9br7LpXV1+Emh01fHnq2Gdgrw==
  
  triple-beam@^1.3.0:
    version "1.3.0"
    resolved "https://registry.npmjs.org/triple-beam/-/triple-beam-1.3.0.tgz"
    integrity sha512-XrHUvV5HpdLmIj4uVMxHggLbFSZYIn7HEWsqePZcI50pco+MPqJ50wMGY794X7AOOhxOBAjbkqfAbEe/QMp2Lw==
  
  typedarray-to-buffer@~3.1.5:
    version "3.1.5"
    resolved "https://registry.npmjs.org/typedarray-to-buffer/-/typedarray-to-buffer-3.1.5.tgz"
    integrity sha512-zdu8XMNEDepKKR+XYOXAVPtWui0ly0NtohUscw+UmaHiAWT8hrV1rr//H6V+0DvJ3OQ19S979M0laLfX8rm82Q==
    dependencies:
      is-typedarray "^1.0.0"
  
  util-deprecate@^1.0.1, util-deprecate@~1.0.1:
    version "1.0.2"
    resolved "https://registry.npmjs.org/util-deprecate/-/util-deprecate-1.0.2.tgz"
    integrity sha1-RQ1Nyfpw3nMnYvvS1KKJgUGaDM8=
  
  webidl-conversions@^3.0.0:
    version "3.0.1"
    resolved "https://registry.npmjs.org/webidl-conversions/-/webidl-conversions-3.0.1.tgz"
    integrity sha512-2JAn3z8AR6rjK8Sm8orRC0h/bcl/DqL7tRPdGZ4I1CjdF+EaMLmYxBHyXuKL849eucPFhvBoxMsflfOb8kxaeQ==
  
  whatwg-url@^5.0.0:
    version "5.0.0"
    resolved "https://registry.npmjs.org/whatwg-url/-/whatwg-url-5.0.0.tgz"
    integrity sha512-saE57nupxk6v3HY35+jzBwYa0rKSy0XR8JSxZPwgLr7ys0IBzhGviA1/TUGJLmSVqs8pb9AnvICXEuOHLprYTw==
    dependencies:
      tr46 "~0.0.3"
      webidl-conversions "^3.0.0"
  
  winston-transport@^4.5.0:
    version "4.5.0"
    resolved "https://registry.npmjs.org/winston-transport/-/winston-transport-4.5.0.tgz"
    integrity sha512-YpZzcUzBedhlTAfJg6vJDlyEai/IFMIVcaEZZyl3UXIl4gmqRpU7AE89AHLkbzLUsv0NVmw7ts+iztqKxxPW1Q==
    dependencies:
      logform "^2.3.2"
      readable-stream "^3.6.0"
      triple-beam "^1.3.0"
  
  winston@^3.6.0:
    version "3.6.0"
    resolved "https://registry.npmjs.org/winston/-/winston-3.6.0.tgz"
    integrity sha512-9j8T75p+bcN6D00sF/zjFVmPp+t8KMPB1MzbbzYjeN9VWxdsYnTB40TkbNUEXAmILEfChMvAMgidlX64OG3p6w==
    dependencies:
      "@dabh/diagnostics" "^2.0.2"
      async "^3.2.3"
      is-stream "^2.0.0"
      logform "^2.4.0"
      one-time "^1.0.0"
      readable-stream "^3.4.0"
      safe-stable-stringify "^2.3.1"
      stack-trace "0.0.x"
      triple-beam "^1.3.0"
      winston-transport "^4.5.0"
  
  wrappy@1:
    version "1.0.2"
    resolved "https://registry.npmjs.org/wrappy/-/wrappy-1.0.2.tgz"
    integrity sha512-l4Sp/DRseor9wL6EvV2+TuQn63dMkPjZ/sp9XkghTEbV9KlPS1xUsZ3u7/IQO4wxtcFB4bgpQPRcR3QCvezPcQ==
  
  xtend@^4.0.0, xtend@^4.0.2, xtend@~4.0.0:
    version "4.0.2"
    resolved "https://registry.npmjs.org/xtend/-/xtend-4.0.2.tgz"
    integrity sha512-LKYU1iAXJXUgAXn9URjiu+MWhyUXHsvfp7mcuYm9dSUKK0/CjtrUwFAxD82/mCWbtLsGjFIad0wIsod4zrTAEQ==
  
  yallist@^4.0.0:
    version "4.0.0"
    resolved "https://registry.npmjs.org/yallist/-/yallist-4.0.0.tgz"
    integrity sha512-3wdGidZyq5PB084XLES5TpOSRA3wjXAlIWMhum2kRcv/41Sn2emQ0dycQW4uZXLejwKvg6EsvbdlVL+FYEct7A==
